#
# There is insufficient memory for the Java Runtime Environment to continue.
# Native memory allocation (malloc) failed to allocate 456656 bytes for Chunk::new
# Possible reasons:
#   The system is out of physical RAM or swap space
#   In 32 bit mode, the process size limit was hit
# Possible solutions:
#   Reduce memory load on the system
#   Increase physical memory or swap space
#   Check if swap backing store is full
#   Use 64 bit Java on a 64 bit OS
#   Decrease Java heap size (-Xmx/-Xms)
#   Decrease number of Java threads
#   Decrease Java thread stack sizes (-Xss)
#   Set larger code cache with -XX:ReservedCodeCacheSize=
# This output file may be truncated or incomplete.
#
#  Out of Memory Error (allocation.cpp:390), pid=7564, tid=0x00000000000044b8
#
# JRE version: Java(TM) SE Runtime Environment (8.0_112-b15) (build 1.8.0_112-b15)
# Java VM: Java HotSpot(TM) 64-Bit Server VM (25.112-b15 mixed mode windows-amd64 compressed oops)
# Failed to write core dump. Minidumps are not enabled by default on client versions of Windows
#

---------------  T H R E A D  ---------------

Current thread (0x0000000019df8800):  JavaThread "C2 CompilerThread0" daemon [_thread_in_native, id=17592, stack(0x000000001a5e0000,0x000000001a6e0000)]

Stack: [0x000000001a5e0000,0x000000001a6e0000]
[error occurred during error reporting (printing stack bounds), id 0xc0000005]

Native frames: (J=compiled Java code, j=interpreted, Vv=VM code, C=native code)


Current CompileTask:
C2: 242098 3233 %     4       userInterface.Viewer::getPanel @ 1185 (1798 bytes)


---------------  P R O C E S S  ---------------

Java Threads: ( => current thread )
  0x000000002addc000 JavaThread "Timer-11" daemon [_thread_blocked, id=8864, stack(0x000000004c520000,0x000000004c620000)]
  0x000000002add6000 JavaThread "Timer-10" daemon [_thread_blocked, id=20240, stack(0x000000004c420000,0x000000004c520000)]
  0x000000002add5800 JavaThread "Timer-9" daemon [_thread_blocked, id=18084, stack(0x000000004c320000,0x000000004c420000)]
  0x000000002adda800 JavaThread "JFXMedia Player EventQueueThread" daemon [_thread_blocked, id=5492, stack(0x000000004bd20000,0x000000004be20000)]
  0x000000002add7800 JavaThread "JFXMedia Player EventQueueThread" daemon [_thread_blocked, id=9672, stack(0x000000004b720000,0x000000004b820000)]
  0x000000001b22e000 JavaThread "JFXMedia Player EventQueueThread" daemon [_thread_blocked, id=6596, stack(0x000000004b120000,0x000000004b220000)]
  0x000000001b22e800 JavaThread "Timer-8" daemon [_thread_blocked, id=772, stack(0x000000004af20000,0x000000004b020000)]
  0x000000001b232800 JavaThread "Timer-7" daemon [_thread_blocked, id=17220, stack(0x000000004ae20000,0x000000004af20000)]
  0x000000001b231800 JavaThread "JFXMedia Player EventQueueThread" daemon [_thread_blocked, id=8748, stack(0x000000004a920000,0x000000004aa20000)]
  0x000000001b233000 JavaThread "JFXMedia Player EventQueueThread" daemon [_thread_blocked, id=17732, stack(0x000000004a320000,0x000000004a420000)]
  0x000000001b234000 JavaThread "Timer-6" daemon [_thread_blocked, id=20784, stack(0x000000004a120000,0x000000004a220000)]
  0x000000001b231000 JavaThread "JFXMedia Player EventQueueThread" daemon [_thread_blocked, id=11556, stack(0x0000000049c20000,0x0000000049d20000)]
  0x000000001b22f800 JavaThread "Timer-2" daemon [_thread_blocked, id=17944, stack(0x0000000026b00000,0x0000000026c00000)]
  0x000000001b230000 JavaThread "Media Resource Disposer" daemon [_thread_blocked, id=3724, stack(0x0000000023950000,0x0000000023a50000)]
  0x000000001b16e000 JavaThread "Prism Font Disposer" daemon [_thread_blocked, id=7988, stack(0x0000000022970000,0x0000000022a70000)]
  0x000000001b0e3800 JavaThread "JFXMedia Player EventQueueThread" daemon [_thread_blocked, id=13032, stack(0x0000000020df0000,0x0000000020ef0000)]
  0x000000001b0ab800 JavaThread "JavaFX-Launcher" [_thread_blocked, id=19528, stack(0x0000000020a70000,0x0000000020b70000)]
  0x000000001b066000 JavaThread "Timer-1" [_thread_blocked, id=6704, stack(0x0000000020970000,0x0000000020a70000)]
  0x000000001b055000 JavaThread "Thread-2" daemon [_thread_in_native, id=9092, stack(0x0000000020770000,0x0000000020870000)]
  0x000000001a1b9800 JavaThread "JavaFX Application Thread" [_thread_in_Java, id=16024, stack(0x000000001c270000,0x000000001c370000)]
  0x000000001a1ad800 JavaThread "Thread-1" daemon [_thread_blocked, id=24000, stack(0x000000001c170000,0x000000001c270000)]
  0x000000001a18c800 JavaThread "QuantumRenderer-0" daemon [_thread_blocked, id=10220, stack(0x000000001b7e0000,0x000000001b8e0000)]
  0x0000000019e98800 JavaThread "Service Thread" daemon [_thread_blocked, id=15364, stack(0x000000001a9e0000,0x000000001aae0000)]
  0x0000000019e09800 JavaThread "C1 CompilerThread3" daemon [_thread_blocked, id=2536, stack(0x000000001a8e0000,0x000000001a9e0000)]
  0x0000000019e01000 JavaThread "C2 CompilerThread2" daemon [_thread_blocked, id=6060, stack(0x000000001a7e0000,0x000000001a8e0000)]
  0x0000000019dfe800 JavaThread "C2 CompilerThread1" daemon [_thread_blocked, id=17324, stack(0x000000001a6e0000,0x000000001a7e0000)]
=>0x0000000019df8800 JavaThread "C2 CompilerThread0" daemon [_thread_in_native, id=17592, stack(0x000000001a5e0000,0x000000001a6e0000)]
  0x0000000019df7000 JavaThread "Attach Listener" daemon [_thread_blocked, id=5028, stack(0x000000001a4e0000,0x000000001a5e0000)]
  0x0000000019df6000 JavaThread "Signal Dispatcher" daemon [_thread_blocked, id=23932, stack(0x000000001a3e0000,0x000000001a4e0000)]
  0x0000000001a6d800 JavaThread "Finalizer" daemon [_thread_blocked, id=8936, stack(0x000000001a1d0000,0x000000001a2d0000)]
  0x0000000001a64000 JavaThread "Reference Handler" daemon [_thread_blocked, id=17188, stack(0x0000000019cd0000,0x0000000019dd0000)]
  0x0000000001970800 JavaThread "main" [_thread_blocked, id=8164, stack(0x00000000017d0000,0x00000000018d0000)]

Other Threads:
  0x0000000017ef9800 VMThread [stack: 0x0000000019bd0000,0x0000000019cd0000] [id=22676]
  0x0000000019e5a800 WatcherThread [stack: 0x000000001aee0000,0x000000001afe0000] [id=27160]

VM state:not at safepoint (normal execution)

VM Mutex/Monitor currently owned by a thread: None

Heap:
 PSYoungGen      total 195584K, used 78647K [0x00000000d5c00000, 0x00000000f7f80000, 0x0000000100000000)
  eden space 110592K, 71% used [0x00000000d5c00000,0x00000000da8cdd88,0x00000000dc800000)
  from space 84992K, 0% used [0x00000000dc800000,0x00000000dc800000,0x00000000e1b00000)
  to   space 223744K, 0% used [0x00000000ea500000,0x00000000ea500000,0x00000000f7f80000)
 ParOldGen       total 1384448K, used 1384065K [0x0000000081400000, 0x00000000d5c00000, 0x00000000d5c00000)
  object space 1384448K, 99% used [0x0000000081400000,0x00000000d5ba0668,0x00000000d5c00000)
 Metaspace       used 14270K, capacity 14840K, committed 15104K, reserved 1062912K
  class space    used 1761K, capacity 1928K, committed 2048K, reserved 1048576K

Card table byte_map: [0x0000000012400000,0x0000000012800000] byte_map_base: 0x0000000011ff6000

Marking Bits: (ParMarkBitMap*) 0x0000000064c0a6d0
 Begin Bits: [0x00000000131b0000, 0x0000000015160000)
 End Bits:   [0x0000000015160000, 0x0000000017110000)

Polling page: 0x0000000001470000

CodeCache: size=245760Kb used=8781Kb max_used=9518Kb free=236978Kb
 bounds [0x0000000003400000, 0x0000000003d80000, 0x0000000012400000]
 total_blobs=3294 nmethods=2687 adapters=518
 compilation: enabled

Compilation events (10 events):
Event: 209.419 Thread 0x0000000019e09800 nmethod 3228 0x0000000003a34210 code [0x0000000003a343a0, 0x0000000003a347b8]
Event: 220.657 Thread 0x0000000019df8800 3229       4       java.util.Collections$UnmodifiableCollection$1::next (10 bytes)
Event: 220.691 Thread 0x0000000019df8800 nmethod 3229 0x0000000003af3150 code [0x0000000003af32c0, 0x0000000003af34c8]
Event: 229.796 Thread 0x0000000019e09800 3230  s    3       com.sun.javafx.font.CompositeStrikeDisposer::dispose (67 bytes)
Event: 229.797 Thread 0x0000000019e09800 nmethod 3230 0x000000000370a310 code [0x000000000370a4c0, 0x000000000370acd8]
Event: 235.769 Thread 0x0000000019e01000 3231       4       javafx.scene.text.Text::needsFullTextLayout (44 bytes)
Event: 235.841 Thread 0x0000000019e01000 nmethod 3231 0x00000000039b5f50 code [0x00000000039b61c0, 0x00000000039b78f0]
Event: 237.557 Thread 0x0000000019dfe800 3232       4       sun.nio.cs.SingleByte$Encoder::encodeArrayLoop (236 bytes)
Event: 237.603 Thread 0x0000000019dfe800 nmethod 3232 0x00000000037fbc50 code [0x00000000037fbdc0, 0x00000000037fc438]
Event: 240.499 Thread 0x0000000019df8800 3233 %     4       userInterface.Viewer::getPanel @ 1185 (1798 bytes)

GC Heap History (10 events):
Event: 240.215 GC heap before
{Heap before GC invocations=3225 (full 3198):
 PSYoungGen      total 195584K, used 110592K [0x00000000d5c00000, 0x00000000f7f80000, 0x0000000100000000)
  eden space 110592K, 100% used [0x00000000d5c00000,0x00000000dc800000,0x00000000dc800000)
  from space 84992K, 0% used [0x00000000dc800000,0x00000000dc800000,0x00000000e1b00000)
  to   space 223744K, 0% used [0x00000000ea500000,0x00000000ea500000,0x00000000f7f80000)
 ParOldGen       total 1384448K, used 1384065K [0x0000000081400000, 0x00000000d5c00000, 0x00000000d5c00000)
  object space 1384448K, 99% used [0x0000000081400000,0x00000000d5ba0658,0x00000000d5c00000)
 Metaspace       used 14270K, capacity 14840K, committed 15104K, reserved 1062912K
  class space    used 1761K, capacity 1928K, committed 2048K, reserved 1048576K
Event: 240.242 GC heap after
Heap after GC invocations=3225 (full 3198):
 PSYoungGen      total 195584K, used 110475K [0x00000000d5c00000, 0x00000000f7f80000, 0x0000000100000000)
  eden space 110592K, 99% used [0x00000000d5c00000,0x00000000dc7e2d50,0x00000000dc800000)
  from space 84992K, 0% used [0x00000000dc800000,0x00000000dc800000,0x00000000e1b00000)
  to   space 223744K, 0% used [0x00000000ea500000,0x00000000ea500000,0x00000000f7f80000)
 ParOldGen       total 1384448K, used 1384065K [0x0000000081400000, 0x00000000d5c00000, 0x00000000d5c00000)
  object space 1384448K, 99% used [0x0000000081400000,0x00000000d5ba0658,0x00000000d5c00000)
 Metaspace       used 14270K, capacity 14840K, committed 15104K, reserved 1062912K
  class space    used 1761K, capacity 1928K, committed 2048K, reserved 1048576K
}
Event: 240.243 GC heap before
{Heap before GC invocations=3226 (full 3199):
 PSYoungGen      total 195584K, used 110592K [0x00000000d5c00000, 0x00000000f7f80000, 0x0000000100000000)
  eden space 110592K, 100% used [0x00000000d5c00000,0x00000000dc800000,0x00000000dc800000)
  from space 84992K, 0% used [0x00000000dc800000,0x00000000dc800000,0x00000000e1b00000)
  to   space 223744K, 0% used [0x00000000ea500000,0x00000000ea500000,0x00000000f7f80000)
 ParOldGen       total 1384448K, used 1384065K [0x0000000081400000, 0x00000000d5c00000, 0x00000000d5c00000)
  object space 1384448K, 99% used [0x0000000081400000,0x00000000d5ba0668,0x00000000d5c00000)
 Metaspace       used 14270K, capacity 14840K, committed 15104K, reserved 1062912K
  class space    used 1761K, capacity 1928K, committed 2048K, reserved 1048576K
Event: 240.272 GC heap after
Heap after GC invocations=3226 (full 3199):
 PSYoungGen      total 195584K, used 110545K [0x00000000d5c00000, 0x00000000f7f80000, 0x0000000100000000)
  eden space 110592K, 99% used [0x00000000d5c00000,0x00000000dc7f47f8,0x00000000dc800000)
  from space 84992K, 0% used [0x00000000dc800000,0x00000000dc800000,0x00000000e1b00000)
  to   space 223744K, 0% used [0x00000000ea500000,0x00000000ea500000,0x00000000f7f80000)
 ParOldGen       total 1384448K, used 1384065K [0x0000000081400000, 0x00000000d5c00000, 0x00000000d5c00000)
  object space 1384448K, 99% used [0x0000000081400000,0x00000000d5ba0668,0x00000000d5c00000)
 Metaspace       used 14270K, capacity 14840K, committed 15104K, reserved 1062912K
  class space    used 1761K, capacity 1928K, committed 2048K, reserved 1048576K
}
Event: 240.274 GC heap before
{Heap before GC invocations=3227 (full 3200):
 PSYoungGen      total 195584K, used 110592K [0x00000000d5c00000, 0x00000000f7f80000, 0x0000000100000000)
  eden space 110592K, 100% used [0x00000000d5c00000,0x00000000dc800000,0x00000000dc800000)
  from space 84992K, 0% used [0x00000000dc800000,0x00000000dc800000,0x00000000e1b00000)
  to   space 223744K, 0% used [0x00000000ea500000,0x00000000ea500000,0x00000000f7f80000)
 ParOldGen       total 1384448K, used 1384370K [0x0000000081400000, 0x00000000d5c00000, 0x00000000d5c00000)
  object space 1384448K, 99% used [0x0000000081400000,0x00000000d5becb40,0x00000000d5c00000)
 Metaspace       used 14270K, capacity 14840K, committed 15104K, reserved 1062912K
  class space    used 1761K, capacity 1928K, committed 2048K, reserved 1048576K
Event: 240.306 GC heap after
Heap after GC invocations=3227 (full 3200):
 PSYoungGen      total 195584K, used 110478K [0x00000000d5c00000, 0x00000000f7f80000, 0x0000000100000000)
  eden space 110592K, 99% used [0x00000000d5c00000,0x00000000dc7e3820,0x00000000dc800000)
  from space 84992K, 0% used [0x00000000dc800000,0x00000000dc800000,0x00000000e1b00000)
  to   space 223744K, 0% used [0x00000000ea500000,0x00000000ea500000,0x00000000f7f80000)
 ParOldGen       total 1384448K, used 1384370K [0x0000000081400000, 0x00000000d5c00000, 0x00000000d5c00000)
  object space 1384448K, 99% used [0x0000000081400000,0x00000000d5becb40,0x00000000d5c00000)
 Metaspace       used 14270K, capacity 14840K, committed 15104K, reserved 1062912K
  class space    used 1761K, capacity 1928K, committed 2048K, reserved 1048576K
}
Event: 240.306 GC heap before
{Heap before GC invocations=3228 (full 3201):
 PSYoungGen      total 195584K, used 110478K [0x00000000d5c00000, 0x00000000f7f80000, 0x0000000100000000)
  eden space 110592K, 99% used [0x00000000d5c00000,0x00000000dc7e3820,0x00000000dc800000)
  from space 84992K, 0% used [0x00000000dc800000,0x00000000dc800000,0x00000000e1b00000)
  to   space 223744K, 0% used [0x00000000ea500000,0x00000000ea500000,0x00000000f7f80000)
 ParOldGen       total 1384448K, used 1384370K [0x0000000081400000, 0x00000000d5c00000, 0x00000000d5c00000)
  object space 1384448K, 99% used [0x0000000081400000,0x00000000d5becb40,0x00000000d5c00000)
 Metaspace       used 14270K, capacity 14840K, committed 15104K, reserved 1062912K
  class space    used 1761K, capacity 1928K, committed 2048K, reserved 1048576K
Event: 240.335 GC heap after
Heap after GC invocations=3228 (full 3201):
 PSYoungGen      total 195584K, used 110478K [0x00000000d5c00000, 0x00000000f7f80000, 0x0000000100000000)
  eden space 110592K, 99% used [0x00000000d5c00000,0x00000000dc7e3820,0x00000000dc800000)
  from space 84992K, 0% used [0x00000000dc800000,0x00000000dc800000,0x00000000e1b00000)
  to   space 223744K, 0% used [0x00000000ea500000,0x00000000ea500000,0x00000000f7f80000)
 ParOldGen       total 1384448K, used 1384370K [0x0000000081400000, 0x00000000d5c00000, 0x00000000d5c00000)
  object space 1384448K, 99% used [0x0000000081400000,0x00000000d5becb40,0x00000000d5c00000)
 Metaspace       used 14270K, capacity 14840K, committed 15104K, reserved 1062912K
  class space    used 1761K, capacity 1928K, committed 2048K, reserved 1048576K
}
Event: 240.336 GC heap before
{Heap before GC invocations=3229 (full 3202):
 PSYoungGen      total 195584K, used 110592K [0x00000000d5c00000, 0x00000000f7f80000, 0x0000000100000000)
  eden space 110592K, 100% used [0x00000000d5c00000,0x00000000dc800000,0x00000000dc800000)
  from space 84992K, 0% used [0x00000000dc800000,0x00000000dc800000,0x00000000e1b00000)
  to   space 223744K, 0% used [0x00000000ea500000,0x00000000ea500000,0x00000000f7f80000)
 ParOldGen       total 1384448K, used 1384378K [0x0000000081400000, 0x00000000d5c00000, 0x00000000d5c00000)
  object space 1384448K, 99% used [0x0000000081400000,0x00000000d5beeb50,0x00000000d5c00000)
 Metaspace       used 14270K, capacity 14840K, committed 15104K, reserved 1062912K
  class space    used 1761K, capacity 1928K, committed 2048K, reserved 1048576K
Event: 240.365 GC heap after
Heap after GC invocations=3229 (full 3202):
 PSYoungGen      total 195584K, used 72416K [0x00000000d5c00000, 0x00000000f7f80000, 0x0000000100000000)
  eden space 110592K, 65% used [0x00000000d5c00000,0x00000000da2b8140,0x00000000dc800000)
  from space 84992K, 0% used [0x00000000dc800000,0x00000000dc800000,0x00000000e1b00000)
  to   space 223744K, 0% used [0x00000000ea500000,0x00000000ea500000,0x00000000f7f80000)
 ParOldGen       total 1384448K, used 1384065K [0x0000000081400000, 0x00000000d5c00000, 0x00000000d5c00000)
  object space 1384448K, 99% used [0x0000000081400000,0x00000000d5ba0668,0x00000000d5c00000)
 Metaspace       used 14270K, capacity 14840K, committed 15104K, reserved 1062912K
  class space    used 1761K, capacity 1928K, committed 2048K, reserved 1048576K
}

Deoptimization events (10 events):
Event: 21.141 Thread 0x000000001a1b9800 Uncommon trap: reason=class_check action=maybe_recompile pc=0x0000000003b1b720 method=javafx.scene.Node.impl_geomChanged()V @ 33
Event: 29.732 Thread 0x000000001a18c800 Uncommon trap: reason=unstable_if action=reinterpret pc=0x0000000003ce2f8c method=com.sun.prism.impl.shape.BasicRoundRectRep.notOnIntGrid(FFFF)Z @ 25
Event: 30.347 Thread 0x000000001a18c800 Uncommon trap: reason=unstable_if action=reinterpret pc=0x0000000003cb3e54 method=com.sun.prism.d3d.D3DContext.updateShaderTransform(Lcom/sun/prism/ps/Shader;Lcom/sun/javafx/geom/transform/BaseTransform;)V @ 8
Event: 34.086 Thread 0x000000001a1b9800 Uncommon trap: reason=bimorphic action=maybe_recompile pc=0x00000000037498bc method=java.util.LinkedList.remove(Ljava/lang/Object;)Z @ 53
Event: 34.090 Thread 0x000000001a1b9800 Uncommon trap: reason=bimorphic action=maybe_recompile pc=0x00000000037498bc method=java.util.LinkedList.remove(Ljava/lang/Object;)Z @ 53
Event: 34.096 Thread 0x000000001a1b9800 Uncommon trap: reason=unstable_if action=reinterpret pc=0x0000000003c6bdb4 method=javafx.scene.Parent$2.onProposedChange(Ljava/util/List;[I)V @ 28
Event: 34.096 Thread 0x000000001a1b9800 Uncommon trap: reason=unstable_if action=reinterpret pc=0x00000000037dc318 method=javafx.scene.Scene.addToDirtyList(Ljavafx/scene/Node;)V @ 18
Event: 34.258 Thread 0x000000001a1b9800 Uncommon trap: reason=unstable_if action=reinterpret pc=0x0000000003b2b0fc method=javafx.scene.Node.invalidatedScenes(Ljavafx/scene/Scene;Ljavafx/scene/SubScene;Z)V @ 135
Event: 34.259 Thread 0x000000001a1b9800 Uncommon trap: reason=unstable_if action=reinterpret pc=0x0000000003b2b0fc method=javafx.scene.Node.invalidatedScenes(Ljavafx/scene/Scene;Ljavafx/scene/SubScene;Z)V @ 135
Event: 62.014 Thread 0x000000001a1b9800 Uncommon trap: reason=null_check action=make_not_entrant pc=0x000000000371c520 method=com.sun.javafx.font.LogicalFont.getStrike(FLcom/sun/javafx/geom/transform/BaseTransform;I)Lcom/sun/javafx/font/FontStrike; @ 41

Internal exceptions (10 events):
Event: 239.796 Thread 0x000000001a1b9800 Exception <a 'java/io/IOException'> (0x00000000dc7e69a8) thrown at [C:\re\workspace\8-2-build-windows-amd64-cygwin\jdk8u112\7884\hotspot\src\share\vm\prims\jni.cpp, line 709]
Event: 239.796 Thread 0x000000001a1b9800 Exception <a 'java/io/IOException'> (0x00000000dc7e6fa8) thrown at [C:\re\workspace\8-2-build-windows-amd64-cygwin\jdk8u112\7884\hotspot\src\share\vm\prims\jni.cpp, line 709]
Event: 239.796 Thread 0x000000001a1b9800 Exception <a 'java/io/IOException'> (0x00000000dc7e7278) thrown at [C:\re\workspace\8-2-build-windows-amd64-cygwin\jdk8u112\7884\hotspot\src\share\vm\prims\jni.cpp, line 709]
Event: 239.796 Thread 0x000000001a1b9800 Exception <a 'java/io/IOException'> (0x00000000dc7e7518) thrown at [C:\re\workspace\8-2-build-windows-amd64-cygwin\jdk8u112\7884\hotspot\src\share\vm\prims\jni.cpp, line 709]
Event: 240.335 Thread 0x000000001a1b9800 Exception <a 'java/lang/OutOfMemoryError'> (0x0000000081dc1ce0) thrown at [C:\re\workspace\8-2-build-windows-amd64-cygwin\jdk8u112\7884\hotspot\src\share\vm\gc_interface/collectedHeap.inline.hpp, line 159]
Event: 240.335 Thread 0x000000001a1b9800 Exception <a 'java/lang/OutOfMemoryError'> (0x0000000081dc1ce0) thrown at [C:\re\workspace\8-2-build-windows-amd64-cygwin\jdk8u112\7884\hotspot\src\share\vm\prims\jvm.cpp, line 1394]
Event: 240.335 Thread 0x000000001a1b9800 Exception <a 'java/io/IOException'> (0x00000000dc7e5328) thrown at [C:\re\workspace\8-2-build-windows-amd64-cygwin\jdk8u112\7884\hotspot\src\share\vm\prims\jni.cpp, line 709]
Event: 240.335 Thread 0x000000001a1b9800 Exception <a 'java/io/IOException'> (0x00000000dc7e5928) thrown at [C:\re\workspace\8-2-build-windows-amd64-cygwin\jdk8u112\7884\hotspot\src\share\vm\prims\jni.cpp, line 709]
Event: 240.335 Thread 0x000000001a1b9800 Exception <a 'java/io/IOException'> (0x00000000dc7e5bf8) thrown at [C:\re\workspace\8-2-build-windows-amd64-cygwin\jdk8u112\7884\hotspot\src\share\vm\prims\jni.cpp, line 709]
Event: 240.335 Thread 0x000000001a1b9800 Exception <a 'java/io/IOException'> (0x00000000dc7e5e98) thrown at [C:\re\workspace\8-2-build-windows-amd64-cygwin\jdk8u112\7884\hotspot\src\share\vm\prims\jni.cpp, line 709]

Events (10 events):
Event: 240.242 Executing VM operation: ParallelGCFailedAllocation
Event: 240.242 Executing VM operation: ParallelGCFailedAllocation done
Event: 240.242 Executing VM operation: ParallelGCSystemGC
Event: 240.272 Executing VM operation: ParallelGCSystemGC done
Event: 240.274 Executing VM operation: ParallelGCFailedAllocation
Event: 240.335 Executing VM operation: ParallelGCFailedAllocation done
Event: 240.335 Thread 0x000000001a1b9800 DEOPT PACKING pc=0x000000000374a5e4 sp=0x000000001c36d190
Event: 240.335 Thread 0x000000001a1b9800 DEOPT UNPACKING pc=0x000000000344787f sp=0x000000001c36ce98 mode 1
Event: 240.336 Executing VM operation: ParallelGCFailedAllocation
Event: 240.365 Executing VM operation: ParallelGCFailedAllocation done


Dynamic libraries:
0x00007ff6aec90000 - 0x00007ff6aecc7000 	C:\Program Files\Java\jdk1.8.0_112\jre\bin\java.exe
0x00007ffcf1a30000 - 0x00007ffcf1c01000 	C:\WINDOWS\SYSTEM32\ntdll.dll
0x00007ffcefb50000 - 0x00007ffcefbfb000 	C:\WINDOWS\System32\KERNEL32.DLL
0x00007ffceeda0000 - 0x00007ffceefbd000 	C:\WINDOWS\System32\KERNELBASE.dll
0x00007ffcef0c0000 - 0x00007ffcef162000 	C:\WINDOWS\System32\ADVAPI32.dll
0x00007ffceefc0000 - 0x00007ffcef05e000 	C:\WINDOWS\System32\msvcrt.dll
0x00007ffcef580000 - 0x00007ffcef5d9000 	C:\WINDOWS\System32\sechost.dll
0x00007ffcef3e0000 - 0x00007ffcef501000 	C:\WINDOWS\System32\RPCRT4.dll
0x00007ffcf1840000 - 0x00007ffcf19a5000 	C:\WINDOWS\System32\USER32.dll
0x00007ffceed20000 - 0x00007ffceed3e000 	C:\WINDOWS\System32\win32u.dll
0x00007ffcf13d0000 - 0x00007ffcf1404000 	C:\WINDOWS\System32\GDI32.dll
0x00007ffceea90000 - 0x00007ffceec12000 	C:\WINDOWS\System32\gdi32full.dll
0x00007ffce8970000 - 0x00007ffce8be9000 	C:\WINDOWS\WinSxS\amd64_microsoft.windows.common-controls_6595b64144ccf1df_6.0.14393.447_none_42191651c6827bb3\COMCTL32.dll
0x00007ffcef5e0000 - 0x00007ffcef8a7000 	C:\WINDOWS\System32\combase.dll
0x00007ffceec20000 - 0x00007ffceed15000 	C:\WINDOWS\System32\ucrtbase.dll
0x00007ffcedf70000 - 0x00007ffcedfda000 	C:\WINDOWS\System32\bcryptPrimitives.dll
0x00007ffcef270000 - 0x00007ffcef29e000 	C:\WINDOWS\System32\IMM32.DLL
0x0000000064c90000 - 0x0000000064d62000 	C:\Program Files\Java\jdk1.8.0_112\jre\bin\msvcr100.dll
0x00000000643f0000 - 0x0000000064c8a000 	C:\Program Files\Java\jdk1.8.0_112\jre\bin\server\jvm.dll
0x00007ffcef510000 - 0x00007ffcef518000 	C:\WINDOWS\System32\PSAPI.DLL
0x00007ffcec080000 - 0x00007ffcec0a3000 	C:\WINDOWS\SYSTEM32\WINMM.dll
0x00007ffcea490000 - 0x00007ffcea49a000 	C:\WINDOWS\SYSTEM32\VERSION.dll
0x00007ffcdf6f0000 - 0x00007ffcdf6f9000 	C:\WINDOWS\SYSTEM32\WSOCK32.dll
0x00007ffcefae0000 - 0x00007ffcefb4a000 	C:\WINDOWS\System32\WS2_32.dll
0x0000000001440000 - 0x000000000146b000 	C:\WINDOWS\SYSTEM32\WINMMBASE.dll
0x00007ffcedf20000 - 0x00007ffcedf62000 	C:\WINDOWS\System32\cfgmgr32.dll
0x0000000065950000 - 0x000000006595f000 	C:\Program Files\Java\jdk1.8.0_112\jre\bin\verify.dll
0x0000000065920000 - 0x0000000065949000 	C:\Program Files\Java\jdk1.8.0_112\jre\bin\java.dll
0x00000000643d0000 - 0x00000000643e6000 	C:\Program Files\Java\jdk1.8.0_112\jre\bin\zip.dll
0x00007ffcefc00000 - 0x00007ffcf1109000 	C:\WINDOWS\System32\SHELL32.dll
0x00007ffcee1b0000 - 0x00007ffcee88a000 	C:\WINDOWS\System32\windows.storage.dll
0x00007ffcede90000 - 0x00007ffcededc000 	C:\WINDOWS\System32\powrprof.dll
0x00007ffcef520000 - 0x00007ffcef572000 	C:\WINDOWS\System32\shlwapi.dll
0x00007ffcedee0000 - 0x00007ffcedeef000 	C:\WINDOWS\System32\kernel.appcore.dll
0x00007ffcee9e0000 - 0x00007ffceea89000 	C:\WINDOWS\System32\shcore.dll
0x00007ffcedf00000 - 0x00007ffcedf14000 	C:\WINDOWS\System32\profapi.dll
0x00007ffccd2c0000 - 0x00007ffccd3af000 	C:\Program Files\Java\jdk1.8.0_112\jre\bin\msvcr120.dll
0x00007ffcd8680000 - 0x00007ffcd8726000 	C:\Program Files\Java\jdk1.8.0_112\jre\bin\msvcp120.dll
0x0000000064380000 - 0x00000000643a2000 	C:\Program Files\Java\jdk1.8.0_112\jre\bin\prism_d3d.dll
0x00007ffcd8b90000 - 0x00007ffcd8d1d000 	C:\WINDOWS\system32\d3d9.dll
0x00007ffceb8b0000 - 0x00007ffceb8d6000 	C:\WINDOWS\SYSTEM32\dwmapi.dll
0x00007ffcec680000 - 0x00007ffcec715000 	C:\WINDOWS\system32\uxtheme.dll
0x00007ffcde370000 - 0x00007ffcde527000 	C:\WINDOWS\system32\nvspcap64.dll
0x00007ffcef2a0000 - 0x00007ffcef3d7000 	C:\WINDOWS\System32\ole32.dll
0x00007ffcf1310000 - 0x00007ffcf13cf000 	C:\WINDOWS\System32\OLEAUT32.dll
0x00007ffcee890000 - 0x00007ffcee92c000 	C:\WINDOWS\System32\msvcp_win.dll
0x00007ffcf1410000 - 0x00007ffcf1839000 	C:\WINDOWS\System32\SETUPAPI.dll
0x00007ffceaf60000 - 0x00007ffceb02d000 	C:\WINDOWS\SYSTEM32\WINHTTP.dll
0x00007ffce73e0000 - 0x00007ffce77d3000 	C:\WINDOWS\system32\nvapi64.dll
0x00007ffceced0000 - 0x00007ffcecf6f000 	C:\WINDOWS\SYSTEM32\dxgi.dll
0x00007ffcedb00000 - 0x00007ffcedb2c000 	C:\WINDOWS\SYSTEM32\SspiCli.dll
0x00007ffceca40000 - 0x00007ffceca68000 	C:\WINDOWS\SYSTEM32\DEVOBJ.dll
0x00007ffceed40000 - 0x00007ffceed95000 	C:\WINDOWS\System32\WINTRUST.dll
0x00007ffcedef0000 - 0x00007ffcedf00000 	C:\WINDOWS\System32\MSASN1.dll
0x00007ffcedfe0000 - 0x00007ffcee1a9000 	C:\WINDOWS\System32\CRYPT32.dll
0x0000000064330000 - 0x0000000064373000 	C:\Program Files\Java\jdk1.8.0_112\jre\bin\glass.dll
0x00007ffcef170000 - 0x00007ffcef26a000 	C:\WINDOWS\System32\COMDLG32.dll
0x00007ffcf1110000 - 0x00007ffcf126b000 	C:\WINDOWS\System32\MSCTF.dll
0x00007ffcc03f0000 - 0x00007ffcc14b5000 	C:\WINDOWS\System32\DriverStore\FileRepository\nvmii.inf_amd64_03c9192d3331a8fa\nvd3dumx.dll
0x0000000064300000 - 0x0000000064323000 	C:\Program Files\Java\jdk1.8.0_112\jre\bin\javafx_iio.dll
0x0000000064280000 - 0x00000000642f3000 	C:\Program Files\Java\jdk1.8.0_112\jre\bin\glib-lite.dll
0x00000000641e0000 - 0x000000006427c000 	C:\Program Files\Java\jdk1.8.0_112\jre\bin\gstreamer-lite.dll
0x00007ffcc98c0000 - 0x00007ffcc995b000 	C:\WINDOWS\SYSTEM32\DSOUND.dll
0x00000000641b0000 - 0x00000000641d5000 	C:\Program Files\Java\jdk1.8.0_112\jre\bin\jfxmedia.dll
0x00000000643b0000 - 0x00000000643ca000 	C:\Program Files\Java\jdk1.8.0_112\jre\bin\net.dll
0x00007ffced610000 - 0x00007ffced66c000 	C:\WINDOWS\system32\mswsock.dll
0x0000000064170000 - 0x00000000641a1000 	C:\Program Files\Java\jdk1.8.0_112\jre\bin\fxplugins.dll
0x0000000064150000 - 0x0000000064161000 	C:\Program Files\Java\jdk1.8.0_112\jre\bin\nio.dll
0x00007ffcf1270000 - 0x00007ffcf130f000 	C:\WINDOWS\System32\clbcatq.dll
0x00007ffce9c50000 - 0x00007ffce9cc1000 	C:\WINDOWS\System32\MMDevApi.dll
0x00007ffceb6d0000 - 0x00007ffceb855000 	C:\WINDOWS\System32\PROPSYS.dll
0x00007ffcc83a0000 - 0x00007ffcc8434000 	C:\WINDOWS\SYSTEM32\AUDIOSES.DLL
0x00007ffce82b0000 - 0x00007ffce83e6000 	C:\WINDOWS\SYSTEM32\wintypes.dll
0x00007ffce50d0000 - 0x00007ffce50fa000 	C:\Windows\System32\qasf.dll
0x00007ffce21f0000 - 0x00007ffce21fa000 	C:\Windows\System32\msdmo.dll
0x00007ffcca930000 - 0x00007ffccab7b000 	C:\Windows\System32\WMVCore.DLL
0x00007ffcca8e0000 - 0x00007ffcca92e000 	C:\Windows\System32\WMASF.DLL
0x00007ffcc7000000 - 0x00007ffcc712d000 	C:\Windows\System32\mfperfhelper.dll
0x00007ffcdb8b0000 - 0x00007ffcdba18000 	C:\WINDOWS\SYSTEM32\MFPlat.DLL
0x00007ffcdeb90000 - 0x00007ffcdebbe000 	C:\WINDOWS\SYSTEM32\RTWorkQ.DLL
0x00007ffce5830000 - 0x00007ffce584d000 	C:\Windows\System32\mp3dmod.dll
0x00007ffcc2df0000 - 0x00007ffcc2fb3000 	C:\Windows\System32\quartz.dll
0x00007ffceddd0000 - 0x00007ffceddfb000 	C:\Windows\System32\bcrypt.dll
0x0000000064130000 - 0x0000000064144000 	C:\Program Files\Java\jdk1.8.0_112\jre\bin\javafx_font.dll
0x00007ffcd8f60000 - 0x00007ffcd91c9000 	C:\WINDOWS\SYSTEM32\dwrite.dll
0x00007ffce9a60000 - 0x00007ffce9c08000 	C:\WINDOWS\SYSTEM32\WindowsCodecs.dll
0x00007ffcd6100000 - 0x00007ffcd6149000 	C:\WINDOWS\system32\dataexchange.dll
0x00007ffce95f0000 - 0x00007ffce98a6000 	C:\WINDOWS\system32\d3d11.dll
0x00007ffcebb10000 - 0x00007ffcebc61000 	C:\WINDOWS\system32\dcomp.dll
0x00007ffcec840000 - 0x00007ffcec95c000 	C:\WINDOWS\system32\twinapi.appcore.dll
0x00007ffce1da0000 - 0x00007ffce1dd2000 	C:\Program Files\Common Files\Microsoft Shared\Ink\rtscom.dll
0x00007ffce2930000 - 0x00007ffce2e8f000 	C:\WINDOWS\SYSTEM32\d2d1.dll
0x00007ffcc8110000 - 0x00007ffcc839d000 	C:\WINDOWS\SYSTEM32\D3D10Warp.dll
0x00007ffce7df0000 - 0x00007ffce7dfb000 	C:\WINDOWS\SYSTEM32\avrt.dll

VM Arguments:
java_command: alpha.Main
java_class_path (initial): C:\Users\florian\workspace\Projet-CompoLogiciels2016\beans
Launcher Type: SUN_STANDARD

Environment Variables:
PATH=C:/Program Files/Java/jre1.8.0_112/bin/server;C:/Program Files/Java/jre1.8.0_112/bin;C:/Program Files/Java/jre1.8.0_112/lib/amd64;C:\ProgramData\Oracle\Java\javapath;C:\Program Files (x86)\Intel\iCLS Client\;C:\Program Files\Intel\iCLS Client\;C:\WINDOWS\system32;C:\WINDOWS;C:\WINDOWS\System32\Wbem;C:\WINDOWS\System32\WindowsPowerShell\v1.0\;C:\Program Files (x86)\Windows Live\Shared;C:\Program Files (x86)\Intel\OpenCL SDK\3.0\bin\x86;C:\Program Files (x86)\Intel\OpenCL SDK\3.0\bin\x64;C:\Program Files\Intel\Intel(R) Management Engine Components\DAL;C:\Program Files\Intel\Intel(R) Management Engine Components\IPT;C:\Program Files (x86)\Intel\Intel(R) Management Engine Components\DAL;C:\Program Files (x86)\Intel\Intel(R) Management Engine Components\IPT;C:\Program Files (x86)\NVIDIA Corporation\PhysX\Common;C:\WINDOWS\system32;C:\WINDOWS;C:\WINDOWS\System32\Wbem;C:\WINDOWS\System32\WindowsPowerShell\v1.0\;C:\Program Files (x86)\Skype\Phone\;C:\Program Files\Microsoft SQL Server\130\Tools\Binn\;C:\Program Files\Git\cmd;C:\Users\florian\.dnx\runtimes\dnx-clr-win-x86.1.0.0-rc1-final\bin;C:\Users\florian\.dnx\bin;%USERPROFILE%\AppData\Local\Microsoft\WindowsApps;;C:\Users\florian\Desktop;
USERNAME=florian
OS=Windows_NT
PROCESSOR_IDENTIFIER=Intel64 Family 6 Model 60 Stepping 3, GenuineIntel



---------------  S Y S T E M  ---------------

OS: Windows 10.0 , 64 bit Build 14393 (10.0.14393.0)

CPU:total 8 (4 cores per cpu, 2 threads per core) family 6 model 60 stepping 3, cmov, cx8, fxsr, mmx, sse, sse2, sse3, ssse3, sse4.1, sse4.2, popcnt, avx, avx2, aes, clmul, erms, lzcnt, ht, tsc, tscinvbit, bmi1, bmi2

Memory: 4k page, physical 8306340k(3844672k free), swap 33472164k(0k free)

vm_info: Java HotSpot(TM) 64-Bit Server VM (25.112-b15) for windows-amd64 JRE (1.8.0_112-b15), built on Sep 22 2016 21:31:56 by "java_re" with MS VC++ 10.0 (VS2010)

time: Wed Nov 16 12:04:52 2016
elapsed time: 242 seconds (0d 0h 4m 2s)

